<?xml version="1.0" encoding="UTF-8"?>
<testng-results skipped="0" failed="0" ignored="0" total="1" passed="1">
  <reporter-output>
  </reporter-output>
  <suite name="Cnn Client on Chrome Browser" duration-ms="37208" started-at="2017-01-07T20:01:11Z" finished-at="2017-01-07T20:01:48Z">
    <groups>
    </groups>
    <test name="Cnn Home Page" duration-ms="37208" started-at="2017-01-07T20:01:11Z" finished-at="2017-01-07T20:01:48Z">
      <class name="home.TestCnnHome">
        <test-method status="PASS" signature="setUp(boolean, java.lang.String, java.lang.String, java.lang.String, java.lang.String, java.lang.String, java.lang.String)[pri:0, instance:home.TestCnnHome@60f82f98]" name="setUp" is-config="true" duration-ms="25042" started-at="2017-01-07T15:01:11Z" finished-at="2017-01-07T15:01:36Z">
          <params>
            <param index="0">
              <value>
                <![CDATA[true]]>
              </value>
            </param>
            <param index="1">
              <value>
                <![CDATA[sarowar]]>
              </value>
            </param>
            <param index="2">
              <value>
                <![CDATA[231474b0-8281-4dd4-9b44-e819bd124c40]]>
              </value>
            </param>
            <param index="3">
              <value>
                <![CDATA[Mac]]>
              </value>
            </param>
            <param index="4">
              <value>
                <![CDATA[chrome]]>
              </value>
            </param>
            <param index="5">
              <value>
                <![CDATA[55]]>
              </value>
            </param>
            <param index="6">
              <value>
                <![CDATA[http://www.cnn.com/]]>
              </value>
            </param>
          </params>
          <reporter-output>
          </reporter-output>
        </test-method> <!-- setUp -->
        <test-method status="PASS" signature="testHome()[pri:0, instance:home.TestCnnHome@60f82f98]" name="testHome" duration-ms="11851" started-at="2017-01-07T15:01:36Z" finished-at="2017-01-07T15:01:48Z">
          <reporter-output>
          </reporter-output>
        </test-method> <!-- testHome -->
        <test-method status="PASS" signature="tearDown()[pri:0, instance:home.TestCnnHome@60f82f98]" name="tearDown" is-config="true" duration-ms="256" started-at="2017-01-07T15:01:48Z" finished-at="2017-01-07T15:01:48Z">
          <reporter-output>
          </reporter-output>
        </test-method> <!-- tearDown -->
      </class> <!-- home.TestCnnHome -->
    </test> <!-- Cnn Home Page -->
  </suite> <!-- Cnn Client on Chrome Browser -->
</testng-results>
