<?xml version="1.0" encoding="UTF-8"?>
<testsuite xmlns:xsi="http://www.w3.org/2001/XMLSchema-instance" xsi:schemaLocation="https://maven.apache.org/surefire/maven-surefire-plugin/xsd/surefire-test-report.xsd" name="TestSuite" time="22.601" tests="1" errors="0" skipped="0" failures="1">
  <properties>
[...]
</properties>
  <testcase name="testHome" classname="home.TestCnnHome" time="8.857">
    <failure message="element not visible&#10;  (Session info: chrome=55.0.2883.95)&#10;  (Driver info: chromedriver=2.25.426935 (820a95b0b81d33e42712f9198c215f703412e1a1),platform=Mac OS X 10.10.5 x86_64) (WARNING: The server did not provide any stacktrace information)&#10;Command duration or timeout: 1.46 seconds&#10;Build info: version: &apos;3.0.1&apos;, revision: &apos;1969d75&apos;, time: &apos;2016-10-18 09:49:13 -0700&apos;&#10;System info: host: &apos;Sarowars-MacBook-Pro.local&apos;, ip: &apos;192.168.88.219&apos;, os.name: &apos;Mac OS X&apos;, os.arch: &apos;x86_64&apos;, os.version: &apos;10.10.5&apos;, java.version: &apos;1.8.0_101&apos;&#10;Driver info: org.openqa.selenium.chrome.ChromeDriver&#10;Capabilities [{applicationCacheEnabled=false, rotatable=false, mobileEmulationEnabled=false, networkConnectionEnabled=false, chrome={chromedriverVersion=2.25.426935 (820a95b0b81d33e42712f9198c215f703412e1a1), userDataDir=/var/folders/xz/p57cdb8n3c74bsbnnt64hycw0000gp/T/.org.chromium.Chromium.lO2H5i}, takesHeapSnapshot=true, pageLoadStrategy=normal, databaseEnabled=false, handlesAlerts=true, hasTouchScreen=false, version=55.0.2883.95, platform=MAC, browserConnectionEnabled=false, nativeEvents=true, acceptSslCerts=true, locationContextEnabled=true, webStorageEnabled=true, browserName=chrome, takesScreenshot=true, javascriptEnabled=true, cssSelectorsEnabled=true}]&#10;Session ID: 804efb58edcc835cb125a0b46470fdf5" type="org.openqa.selenium.ElementNotVisibleException">org.openqa.selenium.ElementNotVisibleException: 
element not visible
  (Session info: chrome=55.0.2883.95)
  (Driver info: chromedriver=2.25.426935 (820a95b0b81d33e42712f9198c215f703412e1a1),platform=Mac OS X 10.10.5 x86_64) (WARNING: The server did not provide any stacktrace information)
Command duration or timeout: 1.46 seconds
Build info: version: '3.0.1', revision: '1969d75', time: '2016-10-18 09:49:13 -0700'
System info: host: 'Sarowars-MacBook-Pro.local', ip: '192.168.88.219', os.name: 'Mac OS X', os.arch: 'x86_64', os.version: '10.10.5', java.version: '1.8.0_101'
Driver info: org.openqa.selenium.chrome.ChromeDriver
Capabilities [{applicationCacheEnabled=false, rotatable=false, mobileEmulationEnabled=false, networkConnectionEnabled=false, chrome={chromedriverVersion=2.25.426935 (820a95b0b81d33e42712f9198c215f703412e1a1), userDataDir=/var/folders/xz/p57cdb8n3c74bsbnnt64hycw0000gp/T/.org.chromium.Chromium.lO2H5i}, takesHeapSnapshot=true, pageLoadStrategy=normal, databaseEnabled=false, handlesAlerts=true, hasTouchScreen=false, version=55.0.2883.95, platform=MAC, browserConnectionEnabled=false, nativeEvents=true, acceptSslCerts=true, locationContextEnabled=true, webStorageEnabled=true, browserName=chrome, takesScreenshot=true, javascriptEnabled=true, cssSelectorsEnabled=true}]
Session ID: 804efb58edcc835cb125a0b46470fdf5
	at home.TestCnnHome.testHome(TestCnnHome.java:17)
</failure>
    <system-err><![CDATA[Starting ChromeDriver 2.25.426935 (820a95b0b81d33e42712f9198c215f703412e1a1) on port 13873
Only local connections are allowed.
Jan 07, 2017 2:14:51 PM org.openqa.selenium.remote.ProtocolHandshake createSession
INFO: Attempting bi-dialect session, assuming Postel's Law holds true on the remote end
Jan 07, 2017 2:14:52 PM org.openqa.selenium.remote.ProtocolHandshake createSession
INFO: Detected dialect: OSS
]]></system-err>
  </testcase>
</testsuite>