<?xml version="1.0" encoding="UTF-8"?>
<!-- Generated by org.testng.reporters.JUnitXMLReporter -->
<testsuite hostname="Sarowars-MacBook-Pro.local" ignored="0" name="FrameworkNewNov2016" tests="1" failures="0" timestamp="07 Jan 2017 19:55:28 GMT" time="0.38" errors="0">
  <testcase name="@BeforeMethod setUp" time="0.0" classname="base.CommonAPI">
    <failure type="java.lang.IllegalStateException" message="The path to the driver executable must be set by the webdriver.gecko.driver system property; for more information, see https://github.com/mozilla/geckodriver. The latest version can be downloaded from https://github.com/mozilla/geckodriver/releases">
      <![CDATA[java.lang.IllegalStateException: The path to the driver executable must be set by the webdriver.gecko.driver system property; for more information, see https://github.com/mozilla/geckodriver. The latest version can be downloaded from https://github.com/mozilla/geckodriver/releases
	at com.google.common.base.Preconditions.checkState(Preconditions.java:199)
	at org.openqa.selenium.remote.service.DriverService.findExecutable(DriverService.java:109)
	at org.openqa.selenium.firefox.GeckoDriverService.access$000(GeckoDriverService.java:37)
	at org.openqa.selenium.firefox.GeckoDriverService$Builder.findDefaultExecutable(GeckoDriverService.java:95)
	at org.openqa.selenium.remote.service.DriverService$Builder.build(DriverService.java:296)
	at org.openqa.selenium.firefox.FirefoxDriver.createCommandExecutor(FirefoxDriver.java:277)
	at org.openqa.selenium.firefox.FirefoxDriver.<init>(FirefoxDriver.java:247)
	at org.openqa.selenium.firefox.FirefoxDriver.<init>(FirefoxDriver.java:242)
	at org.openqa.selenium.firefox.FirefoxDriver.<init>(FirefoxDriver.java:238)
	at org.openqa.selenium.firefox.FirefoxDriver.<init>(FirefoxDriver.java:127)
	at base.CommonAPI.getLocalDriver(CommonAPI.java:73)
	at base.CommonAPI.setUp(CommonAPI.java:49)
	at com.intellij.rt.execution.application.AppMain.main(AppMain.java:147)
... Removed 30 stack frames]]>
    </failure>
  </testcase> <!-- @BeforeMethod setUp -->
  <testcase name="@AfterMethod tearDown" time="0.0" classname="base.CommonAPI">
    <skipped/>
  </testcase> <!-- @AfterMethod tearDown -->
  <testcase name="testHome" time="0.003" classname="home.TestCnnHome">
    <skipped/>
  </testcase> <!-- testHome -->
</testsuite> <!-- FrameworkNewNov2016 -->
